\BOOKMARK [1][-]{section.0.1}{Introduction}{}% 1
\BOOKMARK [2][-]{subsection.0.1.1}{Description of Document}{section.0.1}% 2
\BOOKMARK [2][-]{subsection.0.1.2}{Section Overview }{section.0.1}% 3
\BOOKMARK [1][-]{section.0.2}{Data Design}{}% 4
\BOOKMARK [2][-]{subsection.0.2.1}{Models class}{section.0.2}% 5
\BOOKMARK [2][-]{subsection.0.2.2}{Heat map class}{section.0.2}% 6
\BOOKMARK [2][-]{subsection.0.2.3}{Gaze Plot class}{section.0.2}% 7
\BOOKMARK [2][-]{subsection.0.2.4}{Statistics class}{section.0.2}% 8
\BOOKMARK [2][-]{subsection.0.2.5}{Record class}{section.0.2}% 9
\BOOKMARK [1][-]{section.0.3}{Interface Design}{}% 10
\BOOKMARK [2][-]{subsection.0.3.1}{Evolution of the design design}{section.0.3}% 11
\BOOKMARK [2][-]{subsection.0.3.2}{Flow of design}{section.0.3}% 12
\BOOKMARK [2][-]{subsection.0.3.3}{Form element placement}{section.0.3}% 13
\BOOKMARK [2][-]{subsection.0.3.4}{Interaction with functionality}{section.0.3}% 14
\BOOKMARK [1][-]{section.0.4}{Procedural Design}{}% 15
\BOOKMARK [2][-]{subsection.0.4.1}{Main Procedure: NTT Eye-tracking application}{section.0.4}% 16
\BOOKMARK [2][-]{subsection.0.4.2}{Sub-procedure: Project Start}{section.0.4}% 17
\BOOKMARK [2][-]{subsection.0.4.3}{Sub-procedure: Recording Set-up}{section.0.4}% 18
\BOOKMARK [2][-]{subsection.0.4.4}{Sub-procedure: Main work-space}{section.0.4}% 19
\BOOKMARK [1][-]{section.0.5}{Usability testing}{}% 20
\BOOKMARK [2][-]{subsection.0.5.1}{Date of testing}{section.0.5}% 21
\BOOKMARK [1][-]{section.0.6}{The participants}{}% 22
\BOOKMARK [1][-]{section.0.7}{The feedback}{}% 23
