\BOOKMARK [1][-]{section.0.1}{Architecture requirements}{}% 1
\BOOKMARK [2][-]{subsection.0.1.1}{Quality Requirements}{section.0.1}% 2
\BOOKMARK [2][-]{subsection.0.1.2}{Integration and access channel requirements}{section.0.1}% 3
\BOOKMARK [2][-]{subsection.0.1.3}{Architecture constraints}{section.0.1}% 4
\BOOKMARK [1][-]{section.0.2}{Architectural patterns or styles}{}% 5
\BOOKMARK [2][-]{subsection.0.2.1}{Singleton Recorder}{section.0.2}% 6
\BOOKMARK [2][-]{subsection.0.2.2}{Flyweight Settings}{section.0.2}% 7
\BOOKMARK [2][-]{subsection.0.2.3}{Composite}{section.0.2}% 8
\BOOKMARK [2][-]{subsection.0.2.4}{Private Class}{section.0.2}% 9
\BOOKMARK [2][-]{subsection.0.2.5}{Facade}{section.0.2}% 10
\BOOKMARK [2][-]{subsection.0.2.6}{Template Method}{section.0.2}% 11
\BOOKMARK [2][-]{subsection.0.2.7}{Builder}{section.0.2}% 12
\BOOKMARK [1][-]{section.0.3}{Architectural tactics or strategies}{}% 13
\BOOKMARK [2][-]{subsection.0.3.1}{Availability}{section.0.3}% 14
\BOOKMARK [2][-]{subsection.0.3.2}{Scalability}{section.0.3}% 15
\BOOKMARK [2][-]{subsection.0.3.3}{Performance}{section.0.3}% 16
\BOOKMARK [2][-]{subsection.0.3.4}{Testability}{section.0.3}% 17
\BOOKMARK [2][-]{subsection.0.3.5}{Usability}{section.0.3}% 18
\BOOKMARK [1][-]{section.0.4}{Use of reference architectures and frameworks}{}% 19
\BOOKMARK [1][-]{section.0.5}{Technologies}{}% 20
