This is pdfTeX, Version 3.1415926-2.5-1.40.14 (MiKTeX 2.9) (preloaded format=pdflatex 2015.2.26)  21 OCT 2015 09:09
entering extended mode
**NTT*Architectural*Requirements.tex

("C:\Users\Duran\Documents\GitHub\Neo-Tandem-Tech-Eye-Tracking\Documentation\Ar
chitectural Specification\NTT Architectural Requirements.tex"
LaTeX2e <2011/06/27>
Babel <v3.8m> and hyphenation patterns for english, afrikaans, ancientgreek, ar
abic, armenian, assamese, basque, bengali, bokmal, bulgarian, catalan, coptic, 
croatian, czech, danish, dutch, esperanto, estonian, farsi, finnish, french, ga
lician, german, german-x-2013-05-26, greek, gujarati, hindi, hungarian, iceland
ic, indonesian, interlingua, irish, italian, kannada, kurmanji, latin, latvian,
 lithuanian, malayalam, marathi, mongolian, mongolianlmc, monogreek, ngerman, n
german-x-2013-05-26, nynorsk, oriya, panjabi, pinyin, polish, portuguese, roman
ian, russian, sanskrit, serbian, slovak, slovenian, spanish, swedish, swissgerm
an, tamil, telugu, turkish, turkmen, ukenglish, ukrainian, uppersorbian, usengl
ishmax, welsh, loaded.
(C:\Users\Duran\Documents\MikTex2.9\tex\latex\base\report.cls
Document Class: report 2007/10/19 v1.4h Standard LaTeX document class
(C:\Users\Duran\Documents\MikTex2.9\tex\latex\base\size12.clo
File: size12.clo 2007/10/19 v1.4h Standard LaTeX file (size option)
)
\c@part=\count79
\c@chapter=\count80
\c@section=\count81
\c@subsection=\count82
\c@subsubsection=\count83
\c@paragraph=\count84
\c@subparagraph=\count85
\c@figure=\count86
\c@table=\count87
\abovecaptionskip=\skip41
\belowcaptionskip=\skip42
\bibindent=\dimen102
)
\@indexfile=\write3

Writing index file NTT*Architectural*Requirements.idx
(C:\Users\Duran\Documents\MikTex2.9\tex\latex\tools\longtable.sty
Package: longtable 2004/02/01 v4.11 Multi-page Table package (DPC)
\LTleft=\skip43
\LTright=\skip44
\LTpre=\skip45
\LTpost=\skip46
\LTchunksize=\count88
\LTcapwidth=\dimen103
\LT@head=\box26
\LT@firsthead=\box27
\LT@foot=\box28
\LT@lastfoot=\box29
\LT@cols=\count89
\LT@rows=\count90
\c@LT@tables=\count91
\c@LT@chunks=\count92
\LT@p@ftn=\toks14
)
(C:\Users\Duran\Documents\MikTex2.9\tex\latex\graphics\graphicx.sty
Package: graphicx 1999/02/16 v1.0f Enhanced LaTeX Graphics (DPC,SPQR)

(C:\Users\Duran\Documents\MikTex2.9\tex\latex\graphics\keyval.sty
Package: keyval 1999/03/16 v1.13 key=value parser (DPC)
\KV@toks@=\toks15
)
(C:\Users\Duran\Documents\MikTex2.9\tex\latex\graphics\graphics.sty
Package: graphics 2009/02/05 v1.0o Standard LaTeX Graphics (DPC,SPQR)

(C:\Users\Duran\Documents\MikTex2.9\tex\latex\graphics\trig.sty
Package: trig 1999/03/16 v1.09 sin cos tan (DPC)
)
(C:\Users\Duran\Documents\MikTex2.9\tex\latex\00miktex\graphics.cfg
File: graphics.cfg 2007/01/18 v1.5 graphics configuration of teTeX/TeXLive
)
Package graphics Info: Driver file: pdftex.def on input line 91.

(C:\Users\Duran\Documents\MikTex2.9\tex\latex\pdftex-def\pdftex.def
File: pdftex.def 2011/05/27 v0.06d Graphics/color for pdfTeX

(C:\Users\Duran\Documents\MikTex2.9\tex\generic\oberdiek\infwarerr.sty
Package: infwarerr 2010/04/08 v1.3 Providing info/warning/error messages (HO)
)
(C:\Users\Duran\Documents\MikTex2.9\tex\generic\oberdiek\ltxcmds.sty
Package: ltxcmds 2011/11/09 v1.22 LaTeX kernel commands for general use (HO)
)
\Gread@gobject=\count93
))
\Gin@req@height=\dimen104
\Gin@req@width=\dimen105
)
(C:\Users\Duran\Documents\MikTex2.9\tex\latex\base\makeidx.sty
Package: makeidx 2000/03/29 v1.0m Standard LaTeX package
)
(C:\Users\Duran\Documents\MikTex2.9\tex\latex\hyperref\hyperref.sty
Package: hyperref 2012/11/06 v6.83m Hypertext links for LaTeX

(C:\Users\Duran\Documents\MikTex2.9\tex\generic\oberdiek\hobsub-hyperref.sty
Package: hobsub-hyperref 2012/04/25 v1.12 Bundle oberdiek, subset hyperref (HO)


(C:\Users\Duran\Documents\MikTex2.9\tex\generic\oberdiek\hobsub-generic.sty
Package: hobsub-generic 2012/04/25 v1.12 Bundle oberdiek, subset generic (HO)
Package: hobsub 2012/04/25 v1.12 Construct package bundles (HO)
Package hobsub Info: Skipping package `infwarerr' (already loaded).
Package hobsub Info: Skipping package `ltxcmds' (already loaded).
Package: ifluatex 2010/03/01 v1.3 Provides the ifluatex switch (HO)
Package ifluatex Info: LuaTeX not detected.
Package: ifvtex 2010/03/01 v1.5 Detect VTeX and its facilities (HO)
Package ifvtex Info: VTeX not detected.
Package: intcalc 2007/09/27 v1.1 Expandable calculations with integers (HO)
Package: ifpdf 2011/01/30 v2.3 Provides the ifpdf switch (HO)
Package ifpdf Info: pdfTeX in PDF mode is detected.
Package: etexcmds 2011/02/16 v1.5 Avoid name clashes with e-TeX commands (HO)
Package etexcmds Info: Could not find \expanded.
(etexcmds)             That can mean that you are not using pdfTeX 1.50 or
(etexcmds)             that some package has redefined \expanded.
(etexcmds)             In the latter case, load this package earlier.
Package: kvsetkeys 2012/04/25 v1.16 Key value parser (HO)
Package: kvdefinekeys 2011/04/07 v1.3 Define keys (HO)
Package: pdftexcmds 2011/11/29 v0.20 Utility functions of pdfTeX for LuaTeX (HO
)
Package pdftexcmds Info: LuaTeX not detected.
Package pdftexcmds Info: \pdf@primitive is available.
Package pdftexcmds Info: \pdf@ifprimitive is available.
Package pdftexcmds Info: \pdfdraftmode found.
Package: pdfescape 2011/11/25 v1.13 Implements pdfTeX's escape features (HO)
Package: bigintcalc 2012/04/08 v1.3 Expandable calculations on big integers (HO
)
Package: bitset 2011/01/30 v1.1 Handle bit-vector datatype (HO)
Package: uniquecounter 2011/01/30 v1.2 Provide unlimited unique counter (HO)
)
Package hobsub Info: Skipping package `hobsub' (already loaded).
Package: letltxmacro 2010/09/02 v1.4 Let assignment for LaTeX macros (HO)
Package: hopatch 2011/06/24 v1.1 Wrapper for package hooks (HO)
Package: xcolor-patch 2011/01/30 xcolor patch
Package: atveryend 2011/06/30 v1.8 Hooks at the very end of document (HO)
Package atveryend Info: \enddocument detected (standard20110627).
Package: atbegshi 2011/10/05 v1.16 At begin shipout hook (HO)
Package: refcount 2011/10/16 v3.4 Data extraction from label references (HO)
Package: hycolor 2011/01/30 v1.7 Color options for hyperref/bookmark (HO)
)
(C:\Users\Duran\Documents\MikTex2.9\tex\generic\ifxetex\ifxetex.sty
Package: ifxetex 2010/09/12 v0.6 Provides ifxetex conditional
)
(C:\Users\Duran\Documents\MikTex2.9\tex\latex\oberdiek\auxhook.sty
Package: auxhook 2011/03/04 v1.3 Hooks for auxiliary files (HO)
)
(C:\Users\Duran\Documents\MikTex2.9\tex\latex\oberdiek\kvoptions.sty
Package: kvoptions 2011/06/30 v3.11 Key value format for package options (HO)
)
\@linkdim=\dimen106
\Hy@linkcounter=\count94
\Hy@pagecounter=\count95

(C:\Users\Duran\Documents\MikTex2.9\tex\latex\hyperref\pd1enc.def
File: pd1enc.def 2012/11/06 v6.83m Hyperref: PDFDocEncoding definition (HO)
)
\Hy@SavedSpaceFactor=\count96

(C:\Users\Duran\Documents\MikTex2.9\tex\latex\00miktex\hyperref.cfg
File: hyperref.cfg 2002/06/06 v1.2 hyperref configuration of TeXLive
)
Package hyperref Info: Hyper figures OFF on input line 4443.
Package hyperref Info: Link nesting OFF on input line 4448.
Package hyperref Info: Hyper index ON on input line 4451.
Package hyperref Info: Plain pages OFF on input line 4458.
Package hyperref Info: Backreferencing OFF on input line 4463.
Package hyperref Info: Implicit mode ON; LaTeX internals redefined.
Package hyperref Info: Bookmarks ON on input line 4688.
\c@Hy@tempcnt=\count97

(C:\Users\Duran\Documents\MikTex2.9\tex\latex\url\url.sty
\Urlmuskip=\muskip10
Package: url 2013/09/16  ver 3.4  Verb mode for urls, etc.
)
LaTeX Info: Redefining \url on input line 5041.
\XeTeXLinkMargin=\dimen107
\Fld@menulength=\count98
\Field@Width=\dimen108
\Fld@charsize=\dimen109
Package hyperref Info: Hyper figures OFF on input line 6295.
Package hyperref Info: Link nesting OFF on input line 6300.
Package hyperref Info: Hyper index ON on input line 6303.
Package hyperref Info: backreferencing OFF on input line 6310.
Package hyperref Info: Link coloring OFF on input line 6315.
Package hyperref Info: Link coloring with OCG OFF on input line 6320.
Package hyperref Info: PDF/A mode OFF on input line 6325.
LaTeX Info: Redefining \ref on input line 6365.
LaTeX Info: Redefining \pageref on input line 6369.
\Hy@abspage=\count99
\c@Item=\count100
\c@Hfootnote=\count101
)

Package hyperref Message: Driver (autodetected): hpdftex.

(C:\Users\Duran\Documents\MikTex2.9\tex\latex\hyperref\hpdftex.def
File: hpdftex.def 2012/11/06 v6.83m Hyperref driver for pdfTeX
\Fld@listcount=\count102
\c@bookmark@seq@number=\count103

(C:\Users\Duran\Documents\MikTex2.9\tex\latex\oberdiek\rerunfilecheck.sty
Package: rerunfilecheck 2011/04/15 v1.7 Rerun checks for auxiliary files (HO)
Package uniquecounter Info: New unique counter `rerunfilecheck' on input line 2
82.
)
\Hy@SectionHShift=\skip47
)
(C:\Users\Duran\Documents\MikTex2.9\tex\latex\float\float.sty
Package: float 2001/11/08 v1.3d Float enhancements (AL)
\c@float@type=\count104
\float@exts=\toks16
\float@box=\box30
\@float@everytoks=\toks17
\@floatcapt=\box31
)
Package hyperref Info: Option `colorlinks' set `true' on input line 19.

("C:\Users\Duran\Documents\GitHub\Neo-Tandem-Tech-Eye-Tracking\Documentation\Ar
chitectural Specification\NTT Architectural Requirements.aux")
LaTeX Font Info:    Checking defaults for OML/cmm/m/it on input line 27.
LaTeX Font Info:    ... okay on input line 27.
LaTeX Font Info:    Checking defaults for T1/cmr/m/n on input line 27.
LaTeX Font Info:    ... okay on input line 27.
LaTeX Font Info:    Checking defaults for OT1/cmr/m/n on input line 27.
LaTeX Font Info:    ... okay on input line 27.
LaTeX Font Info:    Checking defaults for OMS/cmsy/m/n on input line 27.
LaTeX Font Info:    ... okay on input line 27.
LaTeX Font Info:    Checking defaults for OMX/cmex/m/n on input line 27.
LaTeX Font Info:    ... okay on input line 27.
LaTeX Font Info:    Checking defaults for U/cmr/m/n on input line 27.
LaTeX Font Info:    ... okay on input line 27.
LaTeX Font Info:    Checking defaults for PD1/pdf/m/n on input line 27.
LaTeX Font Info:    ... okay on input line 27.

(C:\Users\Duran\Documents\MikTex2.9\tex\context\base\supp-pdf.mkii
[Loading MPS to PDF converter (version 2006.09.02).]
\scratchcounter=\count105
\scratchdimen=\dimen110
\scratchbox=\box32
\nofMPsegments=\count106
\nofMParguments=\count107
\everyMPshowfont=\toks18
\MPscratchCnt=\count108
\MPscratchDim=\dimen111
\MPnumerator=\count109
\makeMPintoPDFobject=\count110
\everyMPtoPDFconversion=\toks19
)
\AtBeginShipoutBox=\box33
 (C:\Users\Duran\Documents\MikTex2.9\tex\latex\graphics\color.sty
Package: color 2005/11/14 v1.0j Standard LaTeX Color (DPC)

(C:\Users\Duran\Documents\MikTex2.9\tex\latex\00miktex\color.cfg
File: color.cfg 2007/01/18 v1.5 color configuration of teTeX/TeXLive
)
Package color Info: Driver file: pdftex.def on input line 130.
)
Package hyperref Info: Link coloring ON on input line 27.

(C:\Users\Duran\Documents\MikTex2.9\tex\latex\hyperref\nameref.sty
Package: nameref 2012/10/27 v2.43 Cross-referencing by name of section

(C:\Users\Duran\Documents\MikTex2.9\tex\generic\oberdiek\gettitlestring.sty
Package: gettitlestring 2010/12/03 v1.4 Cleanup title references (HO)
)
\c@section@level=\count111
)
LaTeX Info: Redefining \ref on input line 27.
LaTeX Info: Redefining \pageref on input line 27.
LaTeX Info: Redefining \nameref on input line 27.

("C:\Users\Duran\Documents\GitHub\Neo-Tandem-Tech-Eye-Tracking\Documentation\Ar
chitectural Specification\NTT Architectural Requirements.out")
("C:\Users\Duran\Documents\GitHub\Neo-Tandem-Tech-Eye-Tracking\Documentation\Ar
chitectural Specification\NTT Architectural Requirements.out")
\@outlinefile=\write4

<../GeneralImages/up-logo.jpg, id=63, 287.1528pt x 78.7743pt>
File: ../GeneralImages/up-logo.jpg Graphic file (type jpg)

<use ../GeneralImages/up-logo.jpg>
Package pdftex.def Info: ../GeneralImages/up-logo.jpg used on input line 35.
(pdftex.def)             Requested size: 287.15208pt x 78.77411pt.

<../GeneralImages/NTT.jpg, id=64, 963.6pt x 722.7pt>
File: ../GeneralImages/NTT.jpg Graphic file (type jpg)

<use ../GeneralImages/NTT.jpg>
Package pdftex.def Info: ../GeneralImages/NTT.jpg used on input line 42.
(pdftex.def)             Requested size: 192.71658pt x 144.53743pt.
LaTeX Font Info:    External font `cmex10' loaded for size
(Font)              <12> on input line 54.
LaTeX Font Info:    External font `cmex10' loaded for size
(Font)              <8> on input line 54.
LaTeX Font Info:    External font `cmex10' loaded for size
(Font)              <6> on input line 54.
 [1

{C:/ProgramData/MiKTeX/2.9/pdftex/config/pdftex.map} <C:/Users/Duran/Documents/
GitHub/Neo-Tandem-Tech-Eye-Tracking/Documentation/GeneralImages/up-logo.jpg> <C
:/Users/Duran/Documents/GitHub/Neo-Tandem-Tech-Eye-Tracking/Documentation/Gener
alImages/NTT.jpg>]pdfTeX warning (ext4): destination with the same identifier (
name{page.1}) has been already used, duplicate ignored
<to be read again> 
                   \relax 
l.131 \tableofcontents
                      {} [1]
("C:\Users\Duran\Documents\GitHub\Neo-Tandem-Tech-Eye-Tracking\Documentation\Ar
chitectural Specification\NTT Architectural Requirements.toc")
\tf@toc=\write5

("C:\Users\Duran\Documents\GitHub\Neo-Tandem-Tech-Eye-Tracking\Documentation\Ar
chitectural Specification\QualityRequirements/QualityRequirements.tex"
LaTeX Font Info:    Try loading font information for OMS+cmr on input line 13.

(C:\Users\Duran\Documents\MikTex2.9\tex\latex\base\omscmr.fd
File: omscmr.fd 1999/05/25 v2.5h Standard LaTeX font definitions
)
LaTeX Font Info:    Font shape `OMS/cmr/m/n' in size <12> not available
(Font)              Font shape `OMS/cmsy/m/n' tried instead on input line 13.
 [2

] [3] [4])
("C:\Users\Duran\Documents\GitHub\Neo-Tandem-Tech-Eye-Tracking\Documentation\Ar
chitectural Specification\AccessRequirements/AccessRequirements.tex")
("C:\Users\Duran\Documents\GitHub\Neo-Tandem-Tech-Eye-Tracking\Documentation\Ar
chitectural Specification\ArchitecturalConstraints/ArchitectureConstraints.tex"
[5])
("C:\Users\Duran\Documents\GitHub\Neo-Tandem-Tech-Eye-Tracking\Documentation\Ar
chitectural Specification\ArchitecturalPatterns/ArchitecturalPatternsOrStyles.t
ex" [6]
<Diagrams/Class_Diagram__Singleton.png, id=129, 289.08pt x 288.07625pt>
File: Diagrams/Class_Diagram__Singleton.png Graphic file (type png)

<use Diagrams/Class_Diagram__Singleton.png>
Package pdftex.def Info: Diagrams/Class_Diagram__Singleton.png used on input li
ne 16.
(pdftex.def)             Requested size: 144.53964pt x 144.03777pt.

<Diagrams/Class_Diagram__Flyweight.png, id=130, 380.42125pt x 396.48125pt>
File: Diagrams/Class_Diagram__Flyweight.png Graphic file (type png)

<use Diagrams/Class_Diagram__Flyweight.png>
Package pdftex.def Info: Diagrams/Class_Diagram__Flyweight.png used on input li
ne 24.
(pdftex.def)             Requested size: 190.21014pt x 198.24013pt.
)
("C:\Users\Duran\Documents\GitHub\Neo-Tandem-Tech-Eye-Tracking\Documentation\Ar
chitectural Specification\ArchitecturalTactics/ArchitecturalTacticsOrStrategies
.tex" [7pdfTeX warning (ext4): destination with the same identifier (name{figur
e.0.1}) has been already used, duplicate ignored

\AtBegShi@Output ...ipout \box \AtBeginShipoutBox 
                                                  \fi \fi 
l.4 B
     ecause of the way in which the system will work, all aspects of the sys...
pdfTeX warning (ext4): destination with the same identifier (name{figure.0.2}) 
has been already used, duplicate ignored

\AtBegShi@Output ...ipout \box \AtBeginShipoutBox 
                                                  \fi \fi 
l.4 B
     ecause of the way in which the system will work, all aspects of the sys...
 <C:/Users/Duran/Documents/GitHub/Neo-Tandem-Tech-Eye-Tracking/Documentation/Ar
chitectural Specification/Diagrams/Class_Diagram__Singleton.png (PNG copy)> <C:
/Users/Duran/Documents/GitHub/Neo-Tandem-Tech-Eye-Tracking/Documentation/Archit
ectural Specification/Diagrams/Class_Diagram__Flyweight.png (PNG copy)>])
[8]
("C:\Users\Duran\Documents\GitHub\Neo-Tandem-Tech-Eye-Tracking\Documentation\Ar
chitectural Specification\ReferenceArchitectures/UseOfReferenceArchitecturesAnd
Frameworks.tex" [9])
("C:\Users\Duran\Documents\GitHub\Neo-Tandem-Tech-Eye-Tracking\Documentation\Ar
chitectural Specification\Technologies/Technologies.tex" [10]) [11]
Package atveryend Info: Empty hook `BeforeClearDocument' on input line 186.
 [12

]
Package atveryend Info: Empty hook `AfterLastShipout' on input line 186.

("C:\Users\Duran\Documents\GitHub\Neo-Tandem-Tech-Eye-Tracking\Documentation\Ar
chitectural Specification\NTT Architectural Requirements.aux")
Package atveryend Info: Executing hook `AtVeryEndDocument' on input line 186.
Package atveryend Info: Executing hook `AtEndAfterFileList' on input line 186.
Package rerunfilecheck Info: File `NTT*Architectural*Requirements.out' has not 
changed.
(rerunfilecheck)             Checksum: <no file>.
Package atveryend Info: Empty hook `AtVeryVeryEnd' on input line 186.
 ) 
Here is how much of TeX's memory you used:
 5318 strings out of 493921
 83398 string characters out of 3144475
 159405 words of memory out of 3000000
 8485 multiletter control sequences out of 15000+200000
 10097 words of font info for 35 fonts, out of 3000000 for 9000
 841 hyphenation exceptions out of 8191
 29i,7n,28p,876b,494s stack positions out of 5000i,500n,10000p,200000b,50000s
<C:/Users/Duran/Documents/MikTex2.9/fonts/type1/public/amsfonts/cm/cmbx12.pfb
><C:/Users/Duran/Documents/MikTex2.9/fonts/type1/public/amsfonts/cm/cmcsc10.pfb
><C:/Users/Duran/Documents/MikTex2.9/fonts/type1/public/amsfonts/cm/cmr12.pfb><
C:/Users/Duran/Documents/MikTex2.9/fonts/type1/public/amsfonts/cm/cmsy10.pfb><C
:/Users/Duran/Documents/MikTex2.9/fonts/type1/public/amsfonts/cm/cmti12.pfb>
Output written on "NTT Architectural Requirements.pdf" (13 pages, 226397 bytes)
.
PDF statistics:
 202 PDF objects out of 1000 (max. 8388607)
 57 named destinations out of 1000 (max. 500000)
 141 words of extra memory for PDF output out of 10000 (max. 10000000)

