\BOOKMARK [1][-]{section.0.1}{Introduction}{}% 1
\BOOKMARK [2][-]{subsection.0.1.1}{Scope and Purpose}{section.0.1}% 2
\BOOKMARK [2][-]{subsection.0.1.2}{Process Overview }{section.0.1}% 3
\BOOKMARK [1][-]{section.0.2}{Configuration}{}% 4
\BOOKMARK [2][-]{subsection.0.2.1}{System Configuration}{section.0.2}% 5
\BOOKMARK [2][-]{subsection.0.2.2}{Installation}{section.0.2}% 6
\BOOKMARK [1][-]{section.0.3}{Getting Started}{}% 7
\BOOKMARK [2][-]{subsection.0.3.1}{Basic use}{section.0.3}% 8
\BOOKMARK [1][-]{section.0.4}{Using the System}{}% 9
\BOOKMARK [2][-]{subsection.0.4.1}{Starting the program}{section.0.4}% 10
\BOOKMARK [2][-]{subsection.0.4.2}{Recording Set-up Screen}{section.0.4}% 11
\BOOKMARK [2][-]{subsection.0.4.3}{Calibration Screen}{section.0.4}% 12
\BOOKMARK [2][-]{subsection.0.4.4}{Choosing model}{section.0.4}% 13
\BOOKMARK [2][-]{subsection.0.4.5}{Recording 2D model}{section.0.4}% 14
\BOOKMARK [2][-]{subsection.0.4.6}{Recording 3D model}{section.0.4}% 15
\BOOKMARK [2][-]{subsection.0.4.7}{Recording 3D model flythrough}{section.0.4}% 16
\BOOKMARK [2][-]{subsection.0.4.8}{Recording Video}{section.0.4}% 17
\BOOKMARK [2][-]{subsection.0.4.9}{Report summary creation}{section.0.4}% 18
\BOOKMARK [2][-]{subsection.0.4.10}{Heat Maps}{section.0.4}% 19
\BOOKMARK [2][-]{subsection.0.4.11}{Gaze Plot Maps}{section.0.4}% 20
\BOOKMARK [1][-]{section.0.5}{Troubleshooting}{}% 21
\BOOKMARK [2][-]{subsection.0.5.1}{Starting the program}{section.0.5}% 22
\BOOKMARK [2][-]{subsection.0.5.2}{Calibration}{section.0.5}% 23
\BOOKMARK [2][-]{subsection.0.5.3}{Naming}{section.0.5}% 24
\BOOKMARK [2][-]{subsection.0.5.4}{General recording errors}{section.0.5}% 25
\BOOKMARK [2][-]{subsection.0.5.5}{Heat-map}{section.0.5}% 26
\BOOKMARK [2][-]{subsection.0.5.6}{Statistics}{section.0.5}% 27
\BOOKMARK [1][-]{section.0.6}{Appendices}{}% 28
\BOOKMARK [2][-]{subsection.0.6.1}{EyeTribe}{section.0.6}% 29
